{
  "uid" : "1903cb6bed1e3f1d",
  "name" : "addNewCustomer",
  "fullName" : "com.inetbanking.testCases.TC_AddCutomerTest_003.addNewCustomer",
  "historyId" : "5bb3b636375b79aa1982e9dc0be82157",
  "time" : {
    "start" : 1629445757929,
    "stop" : 1629445761180,
    "duration" : 3251
  },
  "description" : "Verify Adding Customer in InetBanking......",
  "descriptionHtml" : "<p>Verify Adding Customer in InetBanking......</p>\n",
  "status" : "failed",
  "statusMessage" : "expected [true] but found [false]",
  "statusTrace" : "java.lang.AssertionError: expected [true] but found [false]\r\n\tat org.testng.Assert.fail(Assert.java:99)\r\n\tat org.testng.Assert.failNotEquals(Assert.java:1037)\r\n\tat org.testng.Assert.assertTrue(Assert.java:45)\r\n\tat org.testng.Assert.assertTrue(Assert.java:55)\r\n\tat com.inetbanking.testCases.TC_AddCutomerTest_003.addNewCustomer(TC_AddCutomerTest_003.java:94)\r\n\tat java.base/jdk.internal.reflect.NativeMethodAccessorImpl.invoke0(Native Method)\r\n\tat java.base/jdk.internal.reflect.NativeMethodAccessorImpl.invoke(NativeMethodAccessorImpl.java:62)\r\n\tat java.base/jdk.internal.reflect.DelegatingMethodAccessorImpl.invoke(DelegatingMethodAccessorImpl.java:43)\r\n\tat java.base/java.lang.reflect.Method.invoke(Method.java:566)\r\n\tat org.testng.internal.MethodInvocationHelper.invokeMethod(MethodInvocationHelper.java:133)\r\n\tat org.testng.internal.TestInvoker.invokeMethod(TestInvoker.java:598)\r\n\tat org.testng.internal.TestInvoker.invokeTestMethod(TestInvoker.java:173)\r\n\tat org.testng.internal.MethodRunner.runInSequence(MethodRunner.java:46)\r\n\tat org.testng.internal.TestInvoker$MethodInvocationAgent.invoke(TestInvoker.java:824)\r\n\tat org.testng.internal.TestInvoker.invokeTestMethods(TestInvoker.java:146)\r\n\tat org.testng.internal.TestMethodWorker.invokeTestMethods(TestMethodWorker.java:146)\r\n\tat org.testng.internal.TestMethodWorker.run(TestMethodWorker.java:128)\r\n\tat java.base/java.util.ArrayList.forEach(ArrayList.java:1541)\r\n\tat org.testng.TestRunner.privateRun(TestRunner.java:794)\r\n\tat org.testng.TestRunner.run(TestRunner.java:596)\r\n\tat org.testng.SuiteRunner.runTest(SuiteRunner.java:377)\r\n\tat org.testng.SuiteRunner.runSequentially(SuiteRunner.java:371)\r\n\tat org.testng.SuiteRunner.privateRun(SuiteRunner.java:332)\r\n\tat org.testng.SuiteRunner.run(SuiteRunner.java:276)\r\n\tat org.testng.SuiteRunnerWorker.runSuite(SuiteRunnerWorker.java:53)\r\n\tat org.testng.SuiteRunnerWorker.run(SuiteRunnerWorker.java:96)\r\n\tat org.testng.TestNG.runSuitesSequentially(TestNG.java:1212)\r\n\tat org.testng.TestNG.runSuitesLocally(TestNG.java:1134)\r\n\tat org.testng.TestNG.runSuites(TestNG.java:1063)\r\n\tat org.testng.TestNG.run(TestNG.java:1031)\r\n\tat org.apache.maven.surefire.testng.TestNGExecutor.run(TestNGExecutor.java:283)\r\n\tat org.apache.maven.surefire.testng.TestNGXmlTestSuite.execute(TestNGXmlTestSuite.java:75)\r\n\tat org.apache.maven.surefire.testng.TestNGProvider.invoke(TestNGProvider.java:120)\r\n\tat org.apache.maven.surefire.booter.ForkedBooter.invokeProviderInSameClassLoader(ForkedBooter.java:386)\r\n\tat org.apache.maven.surefire.booter.ForkedBooter.runSuitesInProcess(ForkedBooter.java:323)\r\n\tat org.apache.maven.surefire.booter.ForkedBooter.main(ForkedBooter.java:143)\r\n",
  "flaky" : false,
  "newFailed" : false,
  "beforeStages" : [ {
    "name" : "setup",
    "time" : {
      "start" : 1629445755811,
      "stop" : 1629445757926,
      "duration" : 2115
    },
    "description" : "",
    "status" : "passed",
    "steps" : [ ],
    "attachments" : [ ],
    "parameters" : [ ],
    "stepsCount" : 0,
    "hasContent" : false,
    "shouldDisplayMessage" : false,
    "attachmentsCount" : 0
  } ],
  "testStage" : {
    "description" : "Verify Adding Customer in InetBanking......",
    "status" : "failed",
    "statusMessage" : "expected [true] but found [false]",
    "statusTrace" : "java.lang.AssertionError: expected [true] but found [false]\r\n\tat org.testng.Assert.fail(Assert.java:99)\r\n\tat org.testng.Assert.failNotEquals(Assert.java:1037)\r\n\tat org.testng.Assert.assertTrue(Assert.java:45)\r\n\tat org.testng.Assert.assertTrue(Assert.java:55)\r\n\tat com.inetbanking.testCases.TC_AddCutomerTest_003.addNewCustomer(TC_AddCutomerTest_003.java:94)\r\n\tat java.base/jdk.internal.reflect.NativeMethodAccessorImpl.invoke0(Native Method)\r\n\tat java.base/jdk.internal.reflect.NativeMethodAccessorImpl.invoke(NativeMethodAccessorImpl.java:62)\r\n\tat java.base/jdk.internal.reflect.DelegatingMethodAccessorImpl.invoke(DelegatingMethodAccessorImpl.java:43)\r\n\tat java.base/java.lang.reflect.Method.invoke(Method.java:566)\r\n\tat org.testng.internal.MethodInvocationHelper.invokeMethod(MethodInvocationHelper.java:133)\r\n\tat org.testng.internal.TestInvoker.invokeMethod(TestInvoker.java:598)\r\n\tat org.testng.internal.TestInvoker.invokeTestMethod(TestInvoker.java:173)\r\n\tat org.testng.internal.MethodRunner.runInSequence(MethodRunner.java:46)\r\n\tat org.testng.internal.TestInvoker$MethodInvocationAgent.invoke(TestInvoker.java:824)\r\n\tat org.testng.internal.TestInvoker.invokeTestMethods(TestInvoker.java:146)\r\n\tat org.testng.internal.TestMethodWorker.invokeTestMethods(TestMethodWorker.java:146)\r\n\tat org.testng.internal.TestMethodWorker.run(TestMethodWorker.java:128)\r\n\tat java.base/java.util.ArrayList.forEach(ArrayList.java:1541)\r\n\tat org.testng.TestRunner.privateRun(TestRunner.java:794)\r\n\tat org.testng.TestRunner.run(TestRunner.java:596)\r\n\tat org.testng.SuiteRunner.runTest(SuiteRunner.java:377)\r\n\tat org.testng.SuiteRunner.runSequentially(SuiteRunner.java:371)\r\n\tat org.testng.SuiteRunner.privateRun(SuiteRunner.java:332)\r\n\tat org.testng.SuiteRunner.run(SuiteRunner.java:276)\r\n\tat org.testng.SuiteRunnerWorker.runSuite(SuiteRunnerWorker.java:53)\r\n\tat org.testng.SuiteRunnerWorker.run(SuiteRunnerWorker.java:96)\r\n\tat org.testng.TestNG.runSuitesSequentially(TestNG.java:1212)\r\n\tat org.testng.TestNG.runSuitesLocally(TestNG.java:1134)\r\n\tat org.testng.TestNG.runSuites(TestNG.java:1063)\r\n\tat org.testng.TestNG.run(TestNG.java:1031)\r\n\tat org.apache.maven.surefire.testng.TestNGExecutor.run(TestNGExecutor.java:283)\r\n\tat org.apache.maven.surefire.testng.TestNGXmlTestSuite.execute(TestNGXmlTestSuite.java:75)\r\n\tat org.apache.maven.surefire.testng.TestNGProvider.invoke(TestNGProvider.java:120)\r\n\tat org.apache.maven.surefire.booter.ForkedBooter.invokeProviderInSameClassLoader(ForkedBooter.java:386)\r\n\tat org.apache.maven.surefire.booter.ForkedBooter.runSuitesInProcess(ForkedBooter.java:323)\r\n\tat org.apache.maven.surefire.booter.ForkedBooter.main(ForkedBooter.java:143)\r\n",
    "steps" : [ {
      "name" : "Verify Customer is Added",
      "time" : {
        "start" : 1629445757929,
        "stop" : 1629445761031,
        "duration" : 3102
      },
      "status" : "failed",
      "statusMessage" : "expected [true] but found [false]",
      "statusTrace" : "java.lang.AssertionError: expected [true] but found [false]\r\n\tat org.testng.Assert.fail(Assert.java:99)\r\n\tat org.testng.Assert.failNotEquals(Assert.java:1037)\r\n\tat org.testng.Assert.assertTrue(Assert.java:45)\r\n\tat org.testng.Assert.assertTrue(Assert.java:55)\r\n\tat com.inetbanking.testCases.TC_AddCutomerTest_003.addNewCustomer(TC_AddCutomerTest_003.java:94)\r\n\tat java.base/jdk.internal.reflect.NativeMethodAccessorImpl.invoke0(Native Method)\r\n\tat java.base/jdk.internal.reflect.NativeMethodAccessorImpl.invoke(NativeMethodAccessorImpl.java:62)\r\n\tat java.base/jdk.internal.reflect.DelegatingMethodAccessorImpl.invoke(DelegatingMethodAccessorImpl.java:43)\r\n\tat java.base/java.lang.reflect.Method.invoke(Method.java:566)\r\n\tat org.testng.internal.MethodInvocationHelper.invokeMethod(MethodInvocationHelper.java:133)\r\n\tat org.testng.internal.TestInvoker.invokeMethod(TestInvoker.java:598)\r\n\tat org.testng.internal.TestInvoker.invokeTestMethod(TestInvoker.java:173)\r\n\tat org.testng.internal.MethodRunner.runInSequence(MethodRunner.java:46)\r\n\tat org.testng.internal.TestInvoker$MethodInvocationAgent.invoke(TestInvoker.java:824)\r\n\tat org.testng.internal.TestInvoker.invokeTestMethods(TestInvoker.java:146)\r\n\tat org.testng.internal.TestMethodWorker.invokeTestMethods(TestMethodWorker.java:146)\r\n\tat org.testng.internal.TestMethodWorker.run(TestMethodWorker.java:128)\r\n\tat java.base/java.util.ArrayList.forEach(ArrayList.java:1541)\r\n\tat org.testng.TestRunner.privateRun(TestRunner.java:794)\r\n\tat org.testng.TestRunner.run(TestRunner.java:596)\r\n\tat org.testng.SuiteRunner.runTest(SuiteRunner.java:377)\r\n\tat org.testng.SuiteRunner.runSequentially(SuiteRunner.java:371)\r\n\tat org.testng.SuiteRunner.privateRun(SuiteRunner.java:332)\r\n\tat org.testng.SuiteRunner.run(SuiteRunner.java:276)\r\n\tat org.testng.SuiteRunnerWorker.runSuite(SuiteRunnerWorker.java:53)\r\n\tat org.testng.SuiteRunnerWorker.run(SuiteRunnerWorker.java:96)\r\n\tat org.testng.TestNG.runSuitesSequentially(TestNG.java:1212)\r\n\tat org.testng.TestNG.runSuitesLocally(TestNG.java:1134)\r\n\tat org.testng.TestNG.runSuites(TestNG.java:1063)\r\n\tat org.testng.TestNG.run(TestNG.java:1031)\r\n\tat org.apache.maven.surefire.testng.TestNGExecutor.run(TestNGExecutor.java:283)\r\n\tat org.apache.maven.surefire.testng.TestNGXmlTestSuite.execute(TestNGXmlTestSuite.java:75)\r\n\tat org.apache.maven.surefire.testng.TestNGProvider.invoke(TestNGProvider.java:120)\r\n\tat org.apache.maven.surefire.booter.ForkedBooter.invokeProviderInSameClassLoader(ForkedBooter.java:386)\r\n\tat org.apache.maven.surefire.booter.ForkedBooter.runSuitesInProcess(ForkedBooter.java:323)\r\n\tat org.apache.maven.surefire.booter.ForkedBooter.main(ForkedBooter.java:143)\r\n",
      "steps" : [ ],
      "attachments" : [ ],
      "parameters" : [ ],
      "stepsCount" : 0,
      "hasContent" : true,
      "shouldDisplayMessage" : true,
      "attachmentsCount" : 0
    } ],
    "attachments" : [ {
      "uid" : "23c84a5924d512a2",
      "name" : "saveFailureScreenShot",
      "source" : "23c84a5924d512a2.png",
      "type" : "image/png",
      "size" : 88105
    }, {
      "uid" : "8b7df13cd3137901",
      "name" : "addNewCustomer failed and screenshot taken!",
      "source" : "8b7df13cd3137901.txt",
      "type" : "text/plain",
      "size" : 43
    } ],
    "parameters" : [ ],
    "stepsCount" : 1,
    "hasContent" : true,
    "shouldDisplayMessage" : false,
    "attachmentsCount" : 2
  },
  "afterStages" : [ {
    "name" : "tearDown",
    "time" : {
      "start" : 1629445761183,
      "stop" : 1629445761250,
      "duration" : 67
    },
    "description" : "",
    "status" : "passed",
    "steps" : [ ],
    "attachments" : [ ],
    "parameters" : [ ],
    "stepsCount" : 0,
    "hasContent" : false,
    "shouldDisplayMessage" : false,
    "attachmentsCount" : 0
  } ],
  "labels" : [ {
    "name" : "package",
    "value" : "com.inetbanking.testCases.TC_AddCutomerTest_003"
  }, {
    "name" : "testClass",
    "value" : "com.inetbanking.testCases.TC_AddCutomerTest_003"
  }, {
    "name" : "testMethod",
    "value" : "addNewCustomer"
  }, {
    "name" : "parentSuite",
    "value" : "InetBanking"
  }, {
    "name" : "suite",
    "value" : "BankingApp Test Adding Cutomer"
  }, {
    "name" : "subSuite",
    "value" : "com.inetbanking.testCases.TC_AddCutomerTest_003"
  }, {
    "name" : "host",
    "value" : "SameerJ"
  }, {
    "name" : "thread",
    "value" : "14644@SameerJ.main(1)"
  }, {
    "name" : "framework",
    "value" : "testng"
  }, {
    "name" : "language",
    "value" : "java"
  }, {
    "name" : "story",
    "value" : "Customer Added"
  }, {
    "name" : "feature",
    "value" : "Feature 3: Adding Custoer"
  }, {
    "name" : "epic",
    "value" : "EP003"
  }, {
    "name" : "severity",
    "value" : "critical"
  }, {
    "name" : "resultFormat",
    "value" : "allure2"
  } ],
  "parameters" : [ {
    "name" : "Browser",
    "value" : "chrome"
  } ],
  "links" : [ ],
  "hidden" : false,
  "retry" : false,
  "extra" : {
    "severity" : "critical",
    "retries" : [ {
      "uid" : "4504f26049559ec5",
      "status" : "failed",
      "statusDetails" : "expected [true] but found [false]",
      "time" : {
        "start" : 1629445434500,
        "stop" : 1629445437676,
        "duration" : 3176
      }
    }, {
      "uid" : "6f60debf8a9c835a",
      "status" : "passed",
      "time" : {
        "start" : 1629445252162,
        "stop" : 1629445255658,
        "duration" : 3496
      }
    }, {
      "uid" : "134cbf9d83aab43e",
      "status" : "failed",
      "statusDetails" : "expected [true] but found [false]",
      "time" : {
        "start" : 1629444923078,
        "stop" : 1629444926295,
        "duration" : 3217
      }
    }, {
      "uid" : "68400d55fbb6347a",
      "status" : "failed",
      "statusDetails" : "expected [true] but found [false]",
      "time" : {
        "start" : 1629444665176,
        "stop" : 1629444668477,
        "duration" : 3301
      }
    }, {
      "uid" : "ea073ea6300eafe6",
      "status" : "passed",
      "time" : {
        "start" : 1629374885909,
        "stop" : 1629374889392,
        "duration" : 3483
      }
    }, {
      "uid" : "2de0446665d4dd42",
      "status" : "skipped",
      "statusDetails" : "unknown error: net::ERR_NAME_NOT_RESOLVED\n  (Session info: chrome=92.0.4515.107)\nBuild info: version: '3.141.59', revision: 'e82be7d358', time: '2018-11-14T08:17:03'\nSystem info: host: 'SAMEERJ', ip: '192.168.0.5', os.name: 'Windows 10', os.arch: 'amd64', os.version: '10.0', java.version: '11.0.12'\nDriver info: org.openqa.selenium.remote.RemoteWebDriver\nCapabilities {acceptInsecureCerts: false, browserName: chrome, browserVersion: 92.0.4515.107, chrome: {chromedriverVersion: 92.0.4515.107 (87a818b10553..., userDataDir: /tmp/.com.google.Chrome.g4Wm9i}, goog:chromeOptions: {debuggerAddress: localhost:43697}, javascriptEnabled: true, networkConnectionEnabled: false, pageLoadStrategy: normal, platform: LINUX, platformName: LINUX, proxy: Proxy(), setWindowRect: true, strictFileInteractability: false, timeouts: {implicit: 0, pageLoad: 300000, script: 30000}, unhandledPromptBehavior: dismiss and notify, webauthn:extension:credBlob: true, webauthn:extension:largeBlob: true, webauthn:virtualAuthenticators: true, webdriver.remote.sessionid: c1c63472fe46f2dd8e0139b6334...}\nSession ID: c1c63472fe46f2dd8e0139b6334e2399",
      "time" : {
        "start" : 1629374428835,
        "stop" : 1629374428836,
        "duration" : 1
      }
    }, {
      "uid" : "5aecae4e9f1501f9",
      "status" : "passed",
      "time" : {
        "start" : 1629374288356,
        "stop" : 1629374291875,
        "duration" : 3519
      }
    }, {
      "uid" : "996c51c6c137bdfd",
      "status" : "passed",
      "time" : {
        "start" : 1629373359732,
        "stop" : 1629373363421,
        "duration" : 3689
      }
    }, {
      "uid" : "d8f293b28c34b4c4",
      "status" : "passed",
      "time" : {
        "start" : 1629373227176,
        "stop" : 1629373230734,
        "duration" : 3558
      }
    }, {
      "uid" : "781029973690ef86",
      "status" : "passed",
      "time" : {
        "start" : 1629372911857,
        "stop" : 1629372915376,
        "duration" : 3519
      }
    }, {
      "uid" : "703065698c2fe09a",
      "status" : "passed",
      "time" : {
        "start" : 1629372364253,
        "stop" : 1629372367720,
        "duration" : 3467
      }
    }, {
      "uid" : "f381e0b78372d7c0",
      "status" : "failed",
      "statusDetails" : "expected [true] but found [false]",
      "time" : {
        "start" : 1629372229494,
        "stop" : 1629372232781,
        "duration" : 3287
      }
    }, {
      "uid" : "b25354488b9c25c5",
      "status" : "passed",
      "time" : {
        "start" : 1629371477911,
        "stop" : 1629371481477,
        "duration" : 3566
      }
    }, {
      "uid" : "786933fc0fe60b5f",
      "status" : "passed",
      "time" : {
        "start" : 1629371085789,
        "stop" : 1629371089314,
        "duration" : 3525
      }
    }, {
      "uid" : "a050460f9a6a939",
      "status" : "passed",
      "time" : {
        "start" : 1629370805085,
        "stop" : 1629370808684,
        "duration" : 3599
      }
    }, {
      "uid" : "b3f9d4aaf2baf4f1",
      "status" : "failed",
      "statusDetails" : "expected [true] but found [false]",
      "time" : {
        "start" : 1629368927146,
        "stop" : 1629368930214,
        "duration" : 3068
      }
    }, {
      "uid" : "893c771785535a50",
      "status" : "passed",
      "time" : {
        "start" : 1629368830604,
        "stop" : 1629368834034,
        "duration" : 3430
      }
    }, {
      "uid" : "f1bdcef24d784544",
      "status" : "passed",
      "time" : {
        "start" : 1629368743739,
        "stop" : 1629368747042,
        "duration" : 3303
      }
    }, {
      "uid" : "a5e7b4da4b8a1f00",
      "status" : "passed",
      "time" : {
        "start" : 1629368560781,
        "stop" : 1629368564637,
        "duration" : 3856
      }
    }, {
      "uid" : "f369ddb6009863dc",
      "status" : "passed",
      "time" : {
        "start" : 1629368305423,
        "stop" : 1629368308829,
        "duration" : 3406
      }
    }, {
      "uid" : "640587eaf83af9e5",
      "status" : "passed",
      "time" : {
        "start" : 1629368002418,
        "stop" : 1629368005682,
        "duration" : 3264
      }
    }, {
      "uid" : "8c689775e384ac65",
      "status" : "passed",
      "time" : {
        "start" : 1629361631373,
        "stop" : 1629361634747,
        "duration" : 3374
      }
    } ],
    "categories" : [ {
      "name" : "Product defects",
      "matchedStatuses" : [ ],
      "flaky" : false
    } ],
    "tags" : [ ]
  },
  "source" : "1903cb6bed1e3f1d.json",
  "parameterValues" : [ "chrome" ]
}